<?xml version="1.0" encoding="UTF-8"?>
<!-- Generated by org.testng.reporters.JUnitReportReporter -->
<testsuite hostname="DESKTOP-ISLMN4D" failures="0" tests="1" name="BrowserMobProxyExample" time="10.172" errors="0" timestamp="2023-03-25T22:52:37 IST" skipped="0">
  <testcase classname="BrowserMobProxyExample" name="browserMobProxyTest" time="10.172"/>
  <system-out/>
</testsuite> <!-- BrowserMobProxyExample -->
